<?xml version="1.0" encoding="UTF-8"?>
<testsuite name="models.HeroTest" tests="5" skipped="0" failures="0" errors="0" timestamp="2021-04-28T09:23:43" hostname="linux" time="0.006">
  <properties/>
  <testcase name="HeroInstantiatesWithPowers_true" classname="models.HeroTest" time="0.002"/>
  <testcase name="HeroInstantiatesWithName_true" classname="models.HeroTest" time="0.0"/>
  <testcase name="HeroInstantiatesWithAge_true" classname="models.HeroTest" time="0.0"/>
  <testcase name="HeroInstantiatesWithWeakness_true" classname="models.HeroTest" time="0.0"/>
  <testcase name="NewHeroGetsCorrectlyCreated_true" classname="models.HeroTest" time="0.001"/>
  <system-out><![CDATA[]]></system-out>
  <system-err><![CDATA[]]></system-err>
</testsuite>
