<?xml version="1.0" encoding="UTF-8"?>
<testsuite name="dao.Sql2oHeroDaoTest" tests="7" skipped="0" failures="0" errors="0" timestamp="2021-04-28T11:14:14" hostname="linux" time="1.849">
  <properties/>
  <testcase name="clearAllClearsAll" classname="dao.Sql2oHeroDaoTest" time="0.579"/>
  <testcase name="noHeroesReturnsEmptyList" classname="dao.Sql2oHeroDaoTest" time="0.145"/>
  <testcase name="addingHeroSetsId" classname="dao.Sql2oHeroDaoTest" time="0.148"/>
  <testcase name="addedHeroesAreReturnedFromgetAll" classname="dao.Sql2oHeroDaoTest" time="0.208"/>
  <testcase name="updateChangesHeroesContent" classname="dao.Sql2oHeroDaoTest" time="0.282"/>
  <testcase name="existingHeroCanBeFoundById" classname="dao.Sql2oHeroDaoTest" time="0.198"/>
  <testcase name="deleteByIdDeletesCorrectHero" classname="dao.Sql2oHeroDaoTest" time="0.277"/>
  <system-out><![CDATA[clearing database
clearing database
clearing database
clearing database
clearing database
clearing database
clearing database
connection closed
]]></system-out>
  <system-err><![CDATA[]]></system-err>
</testsuite>
