<?xml version="1.0" encoding="UTF-8"?>
<testsuite name="models.SquadTest" tests="4" skipped="0" failures="0" errors="0" timestamp="2021-04-28T09:38:56" hostname="linux" time="0.006">
  <properties/>
  <testcase name="SquadInstantiatesWithName_true" classname="models.SquadTest" time="0.002"/>
  <testcase name="NewSquadGetsCorrectlyCreated_true" classname="models.SquadTest" time="0.0"/>
  <testcase name="SquadInstantiatesWithMembers_true" classname="models.SquadTest" time="0.0"/>
  <testcase name="SquadInstantiatesWithCause_true" classname="models.SquadTest" time="0.001"/>
  <system-out><![CDATA[]]></system-out>
  <system-err><![CDATA[]]></system-err>
</testsuite>
